2020-01-14 14:27:27 Warning: DebugKit not enabled. You need to either install pdo_sqlite, or define the "debug_kit" connection name.
2020-01-14 14:38:26 Warning: DebugKit not enabled. You need to either install pdo_sqlite, or define the "debug_kit" connection name.
2020-01-14 15:25:54 Warning: DebugKit not enabled. You need to either install pdo_sqlite, or define the "debug_kit" connection name.
2020-01-14 15:27:14 Warning: DebugKit not enabled. You need to either install pdo_sqlite, or define the "debug_kit" connection name.
2020-01-14 15:27:23 Warning: DebugKit not enabled. You need to either install pdo_sqlite, or define the "debug_kit" connection name.
2020-01-14 15:27:31 Warning: DebugKit not enabled. You need to either install pdo_sqlite, or define the "debug_kit" connection name.
2020-01-14 15:27:35 Warning: DebugKit not enabled. You need to either install pdo_sqlite, or define the "debug_kit" connection name.
2020-01-14 15:27:36 Warning: DebugKit not enabled. You need to either install pdo_sqlite, or define the "debug_kit" connection name.
2020-01-14 15:27:37 Warning: DebugKit not enabled. You need to either install pdo_sqlite, or define the "debug_kit" connection name.
2020-01-14 15:27:37 Warning: DebugKit not enabled. You need to either install pdo_sqlite, or define the "debug_kit" connection name.
2020-01-14 15:27:37 Warning: DebugKit not enabled. You need to either install pdo_sqlite, or define the "debug_kit" connection name.
2020-01-14 15:27:37 Warning: DebugKit not enabled. You need to either install pdo_sqlite, or define the "debug_kit" connection name.
2020-01-14 15:27:38 Warning: DebugKit not enabled. You need to either install pdo_sqlite, or define the "debug_kit" connection name.
2020-01-14 15:27:38 Warning: DebugKit not enabled. You need to either install pdo_sqlite, or define the "debug_kit" connection name.
2020-01-14 15:27:39 Warning: DebugKit not enabled. You need to either install pdo_sqlite, or define the "debug_kit" connection name.
2020-01-14 15:27:39 Warning: DebugKit not enabled. You need to either install pdo_sqlite, or define the "debug_kit" connection name.
2020-01-14 15:27:39 Warning: DebugKit not enabled. You need to either install pdo_sqlite, or define the "debug_kit" connection name.
2020-01-14 15:27:39 Warning: DebugKit not enabled. You need to either install pdo_sqlite, or define the "debug_kit" connection name.
2020-01-14 15:51:24 Warning: DebugKit not enabled. You need to either install pdo_sqlite, or define the "debug_kit" connection name.
2020-01-14 15:51:31 Error: [PDOException] SQLSTATE[HY000] [2002] Nenhuma ligação pôde ser feita porque o computador de destino
as recusou ativamente.
 (C:\laragon\www\push-web-server\vendor\cakephp\cakephp\src\Database\Driver.php:92)
#0 C:\laragon\www\push-web-server\vendor\cakephp\cakephp\src\Database\Driver.php(92): PDO->__construct('mysql:host=loca...', 'root', '', Array)
#1 C:\laragon\www\push-web-server\vendor\cakephp\cakephp\src\Database\Driver\Mysql.php(105): Cake\Database\Driver->_connect('mysql:host=loca...', Array)
#2 C:\laragon\www\push-web-server\vendor\cakephp\cakephp\src\Database\Schema\BaseSchema.php(44): Cake\Database\Driver\Mysql->connect()
#3 C:\laragon\www\push-web-server\vendor\cakephp\cakephp\src\Database\Dialect\MysqlDialectTrait.php(62): Cake\Database\Schema\BaseSchema->__construct(Object(Cake\Database\Driver\Mysql))
#4 C:\laragon\www\push-web-server\vendor\cakephp\cakephp\src\Database\Schema\Collection.php(51): Cake\Database\Driver\Mysql->schemaDialect()
#5 C:\laragon\www\push-web-server\vendor\cakephp\cakephp\src\Database\Schema\CachedCollection.php(41): Cake\Database\Schema\Collection->__construct(Object(Cake\Database\Connection))
#6 C:\laragon\www\push-web-server\vendor\cakephp\cakephp\src\Database\Connection.php(390): Cake\Database\Schema\CachedCollection->__construct(Object(Cake\Database\Connection), true)
#7 C:\laragon\www\push-web-server\vendor\cakephp\cakephp\src\ORM\Table.php(558): Cake\Database\Connection->getSchemaCollection()
#8 C:\laragon\www\push-web-server\vendor\cakephp\cakephp\src\ORM\Query.php(269): Cake\ORM\Table->getSchema()
#9 C:\laragon\www\push-web-server\vendor\cakephp\cakephp\src\ORM\Query.php(167): Cake\ORM\Query->addDefaultTypes(Object(App\Model\Table\WebclientsTable))
#10 C:\laragon\www\push-web-server\vendor\cakephp\cakephp\src\ORM\Table.php(1778): Cake\ORM\Query->__construct(Object(Cake\Database\Connection), Object(App\Model\Table\WebclientsTable))
#11 C:\laragon\www\push-web-server\vendor\cakephp\cakephp\src\ORM\Table.php(1361): Cake\ORM\Table->query()
#12 C:\laragon\www\push-web-server\vendor\cakephp\cakephp\src\Datasource\Paginator.php(180): Cake\ORM\Table->find('all', Array)
#13 C:\laragon\www\push-web-server\vendor\cakephp\cakephp\src\Controller\Component\PaginatorComponent.php(200): Cake\Datasource\Paginator->paginate(Object(App\Model\Table\WebclientsTable), Array, Array)
#14 C:\laragon\www\push-web-server\vendor\cakephp\cakephp\src\Controller\Controller.php(890): Cake\Controller\Component\PaginatorComponent->paginate(Object(App\Model\Table\WebclientsTable), Array)
#15 C:\laragon\www\push-web-server\src\Controller\WebclientsController.php(22): Cake\Controller\Controller->paginate(Object(App\Model\Table\WebclientsTable))
#16 C:\laragon\www\push-web-server\vendor\cakephp\cakephp\src\Controller\Controller.php(609): App\Controller\WebclientsController->index()
#17 C:\laragon\www\push-web-server\vendor\cakephp\cakephp\src\Http\ActionDispatcher.php(120): Cake\Controller\Controller->invokeAction()
#18 C:\laragon\www\push-web-server\vendor\cakephp\cakephp\src\Http\ActionDispatcher.php(94): Cake\Http\ActionDispatcher->_invoke(Object(App\Controller\WebclientsController))
#19 C:\laragon\www\push-web-server\vendor\cakephp\cakephp\src\Http\BaseApplication.php(234): Cake\Http\ActionDispatcher->dispatch(Object(Cake\Http\ServerRequest), Object(Cake\Http\Response))
#20 C:\laragon\www\push-web-server\vendor\cakephp\cakephp\src\Http\Runner.php(65): Cake\Http\BaseApplication->__invoke(Object(Cake\Http\ServerRequest), Object(Cake\Http\Response), Object(Cake\Http\Runner))
#21 C:\laragon\www\push-web-server\vendor\cakephp\cakephp\src\Http\Runner.php(65): Cake\Http\Runner->__invoke(Object(Cake\Http\ServerRequest), Object(Cake\Http\Response), Object(Cake\Http\Runner))
#22 C:\laragon\www\push-web-server\vendor\cakephp\cakephp\src\Http\Middleware\CsrfProtectionMiddleware.php(124): Cake\Http\Runner->__invoke(Object(Cake\Http\ServerRequest), Object(Cake\Http\Response))
#23 C:\laragon\www\push-web-server\vendor\cakephp\cakephp\src\Http\Runner.php(65): Cake\Http\Middleware\CsrfProtectionMiddleware->__invoke(Object(Cake\Http\ServerRequest), Object(Cake\Http\Response), Object(Cake\Http\Runner))
#24 C:\laragon\www\push-web-server\vendor\cakephp\cakephp\src\Http\Runner.php(51): Cake\Http\Runner->__invoke(Object(Cake\Http\ServerRequest), Object(Cake\Http\Response))
#25 C:\laragon\www\push-web-server\vendor\cakephp\cakephp\src\Routing\Middleware\RoutingMiddleware.php(168): Cake\Http\Runner->run(Object(Cake\Http\MiddlewareQueue), Object(Cake\Http\ServerRequest), Object(Cake\Http\Response))
#26 C:\laragon\www\push-web-server\vendor\cakephp\cakephp\src\Http\Runner.php(65): Cake\Routing\Middleware\RoutingMiddleware->__invoke(Object(Cake\Http\ServerRequest), Object(Cake\Http\Response), Object(Cake\Http\Runner))
#27 C:\laragon\www\push-web-server\vendor\cakephp\cakephp\src\Routing\Middleware\AssetMiddleware.php(88): Cake\Http\Runner->__invoke(Object(Cake\Http\ServerRequest), Object(Cake\Http\Response))
#28 C:\laragon\www\push-web-server\vendor\cakephp\cakephp\src\Http\Runner.php(65): Cake\Routing\Middleware\AssetMiddleware->__invoke(Object(Cake\Http\ServerRequest), Object(Cake\Http\Response), Object(Cake\Http\Runner))
#29 C:\laragon\www\push-web-server\vendor\cakephp\cakephp\src\Error\Middleware\ErrorHandlerMiddleware.php(96): Cake\Http\Runner->__invoke(Object(Cake\Http\ServerRequest), Object(Cake\Http\Response))
#30 C:\laragon\www\push-web-server\vendor\cakephp\cakephp\src\Http\Runner.php(65): Cake\Error\Middleware\ErrorHandlerMiddleware->__invoke(Object(Cake\Http\ServerRequest), Object(Cake\Http\Response), Object(Cake\Http\Runner))
#31 C:\laragon\www\push-web-server\vendor\cakephp\cakephp\src\Http\Runner.php(51): Cake\Http\Runner->__invoke(Object(Cake\Http\ServerRequest), Object(Cake\Http\Response))
#32 C:\laragon\www\push-web-server\vendor\cakephp\cakephp\src\Http\Server.php(97): Cake\Http\Runner->run(Object(Cake\Http\MiddlewareQueue), Object(Cake\Http\ServerRequest), Object(Cake\Http\Response))
#33 C:\laragon\www\push-web-server\webroot\index.php(40): Cake\Http\Server->run()
#34 {main}
Request URL: /webclients
Referer URL: http://localhost:8765/webclients/add


2020-01-14 15:58:33 Warning: DebugKit not enabled. You need to either install pdo_sqlite, or define the "debug_kit" connection name.
2020-01-14 16:12:58 Warning: DebugKit not enabled. You need to either install pdo_sqlite, or define the "debug_kit" connection name.
2020-01-14 16:13:19 Warning: DebugKit not enabled. You need to either install pdo_sqlite, or define the "debug_kit" connection name.
2020-01-14 16:13:19 Warning: Warning (2): Declaration of App\Controller\WebclientsController::beforeFilter() should be compatible with Cake\Controller\Controller::beforeFilter(Cake\Event\Event $event) in [C:\laragon\www\push-web-server\src\Controller\WebclientsController.php, line 13]
Request URL: /webclients/api/ghjghjg/hghjgjh/ghfhgfhgfhg
Trace:
Cake\Error\BaseErrorHandler::handleError() - CORE\src\Error\BaseErrorHandler.php, line 158
Cake\Core\BasePlugin::{closure}() - ROOT\vendor\cakephp\debug_kit\config\bootstrap.php, line 42
include - APP/Controller\WebclientsController.php, line 13
Composer\Autoload\includeFile - ROOT\vendor\composer\ClassLoader.php, line 444
Composer\Autoload\ClassLoader::loadClass() - ROOT\vendor\composer\ClassLoader.php, line 322
spl_autoload_call - [internal], line ??
class_exists - [internal], line ??
Cake\Core\App::_classExistsInBase() - CORE\src\Core\App.php, line 151
Cake\Core\App::className() - CORE\src\Core\App.php, line 63
Cake\Http\ControllerFactory::getControllerClass() - CORE\src\Http\ControllerFactory.php, line 93
Cake\Http\ControllerFactory::create() - CORE\src\Http\ControllerFactory.php, line 37
Cake\Http\ActionDispatcher::dispatch() - CORE\src\Http\ActionDispatcher.php, line 91
Cake\Http\BaseApplication::__invoke() - CORE\src\Http\BaseApplication.php, line 234
Cake\Http\Runner::__invoke() - CORE\src\Http\Runner.php, line 65
Cake\Http\Runner::__invoke() - CORE\src\Http\Runner.php, line 65
Cake\Http\Middleware\CsrfProtectionMiddleware::__invoke() - CORE\src\Http\Middleware\CsrfProtectionMiddleware.php, line 124
Cake\Http\Runner::__invoke() - CORE\src\Http\Runner.php, line 65
Cake\Http\Runner::run() - CORE\src\Http\Runner.php, line 51
Cake\Routing\Middleware\RoutingMiddleware::__invoke() - CORE\src\Routing\Middleware\RoutingMiddleware.php, line 168
Cake\Http\Runner::__invoke() - CORE\src\Http\Runner.php, line 65
Cake\Routing\Middleware\AssetMiddleware::__invoke() - CORE\src\Routing\Middleware\AssetMiddleware.php, line 88
Cake\Http\Runner::__invoke() - CORE\src\Http\Runner.php, line 65
Cake\Error\Middleware\ErrorHandlerMiddleware::__invoke() - CORE\src\Error\Middleware\ErrorHandlerMiddleware.php, line 96
Cake\Http\Runner::__invoke() - CORE\src\Http\Runner.php, line 65
Cake\Http\Runner::run() - CORE\src\Http\Runner.php, line 51
Cake\Http\Server::run() - CORE\src\Http\Server.php, line 97
[main] - ROOT\webroot\index.php, line 40



2020-01-14 16:13:20 Error: [ArgumentCountError] Too few arguments to function Cake\Controller\Controller::beforeFilter(), 0 passed in C:\laragon\www\push-web-server\src\Controller\WebclientsController.php on line 18 and exactly 1 expected (C:\laragon\www\push-web-server\vendor\cakephp\cakephp\src\Controller\Controller.php:927)
#0 C:\laragon\www\push-web-server\src\Controller\WebclientsController.php(18): Cake\Controller\Controller->beforeFilter()
#1 C:\laragon\www\push-web-server\vendor\cakephp\cakephp\src\Event\EventManager.php(352): App\Controller\WebclientsController->beforeFilter(Object(Cake\Event\Event))
#2 C:\laragon\www\push-web-server\vendor\cakephp\cakephp\src\Event\EventManager.php(329): Cake\Event\EventManager->_callListener(Array, Object(Cake\Event\Event))
#3 C:\laragon\www\push-web-server\vendor\cakephp\cakephp\src\Event\EventDispatcherTrait.php(113): Cake\Event\EventManager->dispatch(Object(Cake\Event\Event))
#4 C:\laragon\www\push-web-server\vendor\cakephp\cakephp\src\Controller\Controller.php(676): Cake\Controller\Controller->dispatchEvent('Controller.init...')
#5 C:\laragon\www\push-web-server\vendor\cakephp\cakephp\src\Http\ActionDispatcher.php(115): Cake\Controller\Controller->startupProcess()
#6 C:\laragon\www\push-web-server\vendor\cakephp\cakephp\src\Http\ActionDispatcher.php(94): Cake\Http\ActionDispatcher->_invoke(Object(App\Controller\WebclientsController))
#7 C:\laragon\www\push-web-server\vendor\cakephp\cakephp\src\Http\BaseApplication.php(234): Cake\Http\ActionDispatcher->dispatch(Object(Cake\Http\ServerRequest), Object(Cake\Http\Response))
#8 C:\laragon\www\push-web-server\vendor\cakephp\cakephp\src\Http\Runner.php(65): Cake\Http\BaseApplication->__invoke(Object(Cake\Http\ServerRequest), Object(Cake\Http\Response), Object(Cake\Http\Runner))
#9 C:\laragon\www\push-web-server\vendor\cakephp\cakephp\src\Http\Runner.php(65): Cake\Http\Runner->__invoke(Object(Cake\Http\ServerRequest), Object(Cake\Http\Response), Object(Cake\Http\Runner))
#10 C:\laragon\www\push-web-server\vendor\cakephp\cakephp\src\Http\Middleware\CsrfProtectionMiddleware.php(124): Cake\Http\Runner->__invoke(Object(Cake\Http\ServerRequest), Object(Cake\Http\Response))
#11 C:\laragon\www\push-web-server\vendor\cakephp\cakephp\src\Http\Runner.php(65): Cake\Http\Middleware\CsrfProtectionMiddleware->__invoke(Object(Cake\Http\ServerRequest), Object(Cake\Http\Response), Object(Cake\Http\Runner))
#12 C:\laragon\www\push-web-server\vendor\cakephp\cakephp\src\Http\Runner.php(51): Cake\Http\Runner->__invoke(Object(Cake\Http\ServerRequest), Object(Cake\Http\Response))
#13 C:\laragon\www\push-web-server\vendor\cakephp\cakephp\src\Routing\Middleware\RoutingMiddleware.php(168): Cake\Http\Runner->run(Object(Cake\Http\MiddlewareQueue), Object(Cake\Http\ServerRequest), Object(Cake\Http\Response))
#14 C:\laragon\www\push-web-server\vendor\cakephp\cakephp\src\Http\Runner.php(65): Cake\Routing\Middleware\RoutingMiddleware->__invoke(Object(Cake\Http\ServerRequest), Object(Cake\Http\Response), Object(Cake\Http\Runner))
#15 C:\laragon\www\push-web-server\vendor\cakephp\cakephp\src\Routing\Middleware\AssetMiddleware.php(88): Cake\Http\Runner->__invoke(Object(Cake\Http\ServerRequest), Object(Cake\Http\Response))
#16 C:\laragon\www\push-web-server\vendor\cakephp\cakephp\src\Http\Runner.php(65): Cake\Routing\Middleware\AssetMiddleware->__invoke(Object(Cake\Http\ServerRequest), Object(Cake\Http\Response), Object(Cake\Http\Runner))
#17 C:\laragon\www\push-web-server\vendor\cakephp\cakephp\src\Error\Middleware\ErrorHandlerMiddleware.php(96): Cake\Http\Runner->__invoke(Object(Cake\Http\ServerRequest), Object(Cake\Http\Response))
#18 C:\laragon\www\push-web-server\vendor\cakephp\cakephp\src\Http\Runner.php(65): Cake\Error\Middleware\ErrorHandlerMiddleware->__invoke(Object(Cake\Http\ServerRequest), Object(Cake\Http\Response), Object(Cake\Http\Runner))
#19 C:\laragon\www\push-web-server\vendor\cakephp\cakephp\src\Http\Runner.php(51): Cake\Http\Runner->__invoke(Object(Cake\Http\ServerRequest), Object(Cake\Http\Response))
#20 C:\laragon\www\push-web-server\vendor\cakephp\cakephp\src\Http\Server.php(97): Cake\Http\Runner->run(Object(Cake\Http\MiddlewareQueue), Object(Cake\Http\ServerRequest), Object(Cake\Http\Response))
#21 C:\laragon\www\push-web-server\webroot\index.php(40): Cake\Http\Server->run()
#22 {main}
Request URL: /webclients/api/ghjghjg/hghjgjh/ghfhgfhgfhg


2020-01-14 16:14:22 Warning: DebugKit not enabled. You need to either install pdo_sqlite, or define the "debug_kit" connection name.
2020-01-14 16:14:22 Error: [ParseError] syntax error, unexpected 'Cake' (T_STRING) (C:\laragon\www\push-web-server\src\Controller\WebclientsController.php:5)
#0 C:\laragon\www\push-web-server\vendor\composer\ClassLoader.php(322): Composer\Autoload\includeFile('C:\\laragon\\www\\...')
#1 [internal function]: Composer\Autoload\ClassLoader->loadClass('App\\Controller\\...')
#2 [internal function]: spl_autoload_call('App\\Controller\\...')
#3 C:\laragon\www\push-web-server\vendor\cakephp\cakephp\src\Core\App.php(151): class_exists('App\\Controller\\...')
#4 C:\laragon\www\push-web-server\vendor\cakephp\cakephp\src\Core\App.php(63): Cake\Core\App::_classExistsInBase('\\Controller\\Web...', 'App')
#5 C:\laragon\www\push-web-server\vendor\cakephp\cakephp\src\Http\ControllerFactory.php(93): Cake\Core\App::className('Webclients', 'Controller', 'Controller')
#6 C:\laragon\www\push-web-server\vendor\cakephp\cakephp\src\Http\ControllerFactory.php(37): Cake\Http\ControllerFactory->getControllerClass(Object(Cake\Http\ServerRequest))
#7 C:\laragon\www\push-web-server\vendor\cakephp\cakephp\src\Http\ActionDispatcher.php(91): Cake\Http\ControllerFactory->create(Object(Cake\Http\ServerRequest), Object(Cake\Http\Response))
#8 C:\laragon\www\push-web-server\vendor\cakephp\cakephp\src\Http\BaseApplication.php(234): Cake\Http\ActionDispatcher->dispatch(Object(Cake\Http\ServerRequest), Object(Cake\Http\Response))
#9 C:\laragon\www\push-web-server\vendor\cakephp\cakephp\src\Http\Runner.php(65): Cake\Http\BaseApplication->__invoke(Object(Cake\Http\ServerRequest), Object(Cake\Http\Response), Object(Cake\Http\Runner))
#10 C:\laragon\www\push-web-server\vendor\cakephp\cakephp\src\Http\Runner.php(65): Cake\Http\Runner->__invoke(Object(Cake\Http\ServerRequest), Object(Cake\Http\Response), Object(Cake\Http\Runner))
#11 C:\laragon\www\push-web-server\vendor\cakephp\cakephp\src\Http\Middleware\CsrfProtectionMiddleware.php(124): Cake\Http\Runner->__invoke(Object(Cake\Http\ServerRequest), Object(Cake\Http\Response))
#12 C:\laragon\www\push-web-server\vendor\cakephp\cakephp\src\Http\Runner.php(65): Cake\Http\Middleware\CsrfProtectionMiddleware->__invoke(Object(Cake\Http\ServerRequest), Object(Cake\Http\Response), Object(Cake\Http\Runner))
#13 C:\laragon\www\push-web-server\vendor\cakephp\cakephp\src\Http\Runner.php(51): Cake\Http\Runner->__invoke(Object(Cake\Http\ServerRequest), Object(Cake\Http\Response))
#14 C:\laragon\www\push-web-server\vendor\cakephp\cakephp\src\Routing\Middleware\RoutingMiddleware.php(168): Cake\Http\Runner->run(Object(Cake\Http\MiddlewareQueue), Object(Cake\Http\ServerRequest), Object(Cake\Http\Response))
#15 C:\laragon\www\push-web-server\vendor\cakephp\cakephp\src\Http\Runner.php(65): Cake\Routing\Middleware\RoutingMiddleware->__invoke(Object(Cake\Http\ServerRequest), Object(Cake\Http\Response), Object(Cake\Http\Runner))
#16 C:\laragon\www\push-web-server\vendor\cakephp\cakephp\src\Routing\Middleware\AssetMiddleware.php(88): Cake\Http\Runner->__invoke(Object(Cake\Http\ServerRequest), Object(Cake\Http\Response))
#17 C:\laragon\www\push-web-server\vendor\cakephp\cakephp\src\Http\Runner.php(65): Cake\Routing\Middleware\AssetMiddleware->__invoke(Object(Cake\Http\ServerRequest), Object(Cake\Http\Response), Object(Cake\Http\Runner))
#18 C:\laragon\www\push-web-server\vendor\cakephp\cakephp\src\Error\Middleware\ErrorHandlerMiddleware.php(96): Cake\Http\Runner->__invoke(Object(Cake\Http\ServerRequest), Object(Cake\Http\Response))
#19 C:\laragon\www\push-web-server\vendor\cakephp\cakephp\src\Http\Runner.php(65): Cake\Error\Middleware\ErrorHandlerMiddleware->__invoke(Object(Cake\Http\ServerRequest), Object(Cake\Http\Response), Object(Cake\Http\Runner))
#20 C:\laragon\www\push-web-server\vendor\cakephp\cakephp\src\Http\Runner.php(51): Cake\Http\Runner->__invoke(Object(Cake\Http\ServerRequest), Object(Cake\Http\Response))
#21 C:\laragon\www\push-web-server\vendor\cakephp\cakephp\src\Http\Server.php(97): Cake\Http\Runner->run(Object(Cake\Http\MiddlewareQueue), Object(Cake\Http\ServerRequest), Object(Cake\Http\Response))
#22 C:\laragon\www\push-web-server\webroot\index.php(40): Cake\Http\Server->run()
#23 {main}
Request URL: /webclients/api/ghjghjg/hghjgjh/ghfhgfhgfhg


2020-01-14 16:14:31 Warning: DebugKit not enabled. You need to either install pdo_sqlite, or define the "debug_kit" connection name.
2020-01-14 16:14:31 Error: [ArgumentCountError] Too few arguments to function Cake\Controller\Controller::beforeFilter(), 0 passed in C:\laragon\www\push-web-server\src\Controller\WebclientsController.php on line 19 and exactly 1 expected (C:\laragon\www\push-web-server\vendor\cakephp\cakephp\src\Controller\Controller.php:927)
#0 C:\laragon\www\push-web-server\src\Controller\WebclientsController.php(19): Cake\Controller\Controller->beforeFilter()
#1 C:\laragon\www\push-web-server\vendor\cakephp\cakephp\src\Event\EventManager.php(352): App\Controller\WebclientsController->beforeFilter(Object(Cake\Event\Event))
#2 C:\laragon\www\push-web-server\vendor\cakephp\cakephp\src\Event\EventManager.php(329): Cake\Event\EventManager->_callListener(Array, Object(Cake\Event\Event))
#3 C:\laragon\www\push-web-server\vendor\cakephp\cakephp\src\Event\EventDispatcherTrait.php(113): Cake\Event\EventManager->dispatch(Object(Cake\Event\Event))
#4 C:\laragon\www\push-web-server\vendor\cakephp\cakephp\src\Controller\Controller.php(676): Cake\Controller\Controller->dispatchEvent('Controller.init...')
#5 C:\laragon\www\push-web-server\vendor\cakephp\cakephp\src\Http\ActionDispatcher.php(115): Cake\Controller\Controller->startupProcess()
#6 C:\laragon\www\push-web-server\vendor\cakephp\cakephp\src\Http\ActionDispatcher.php(94): Cake\Http\ActionDispatcher->_invoke(Object(App\Controller\WebclientsController))
#7 C:\laragon\www\push-web-server\vendor\cakephp\cakephp\src\Http\BaseApplication.php(234): Cake\Http\ActionDispatcher->dispatch(Object(Cake\Http\ServerRequest), Object(Cake\Http\Response))
#8 C:\laragon\www\push-web-server\vendor\cakephp\cakephp\src\Http\Runner.php(65): Cake\Http\BaseApplication->__invoke(Object(Cake\Http\ServerRequest), Object(Cake\Http\Response), Object(Cake\Http\Runner))
#9 C:\laragon\www\push-web-server\vendor\cakephp\cakephp\src\Http\Runner.php(65): Cake\Http\Runner->__invoke(Object(Cake\Http\ServerRequest), Object(Cake\Http\Response), Object(Cake\Http\Runner))
#10 C:\laragon\www\push-web-server\vendor\cakephp\cakephp\src\Http\Middleware\CsrfProtectionMiddleware.php(124): Cake\Http\Runner->__invoke(Object(Cake\Http\ServerRequest), Object(Cake\Http\Response))
#11 C:\laragon\www\push-web-server\vendor\cakephp\cakephp\src\Http\Runner.php(65): Cake\Http\Middleware\CsrfProtectionMiddleware->__invoke(Object(Cake\Http\ServerRequest), Object(Cake\Http\Response), Object(Cake\Http\Runner))
#12 C:\laragon\www\push-web-server\vendor\cakephp\cakephp\src\Http\Runner.php(51): Cake\Http\Runner->__invoke(Object(Cake\Http\ServerRequest), Object(Cake\Http\Response))
#13 C:\laragon\www\push-web-server\vendor\cakephp\cakephp\src\Routing\Middleware\RoutingMiddleware.php(168): Cake\Http\Runner->run(Object(Cake\Http\MiddlewareQueue), Object(Cake\Http\ServerRequest), Object(Cake\Http\Response))
#14 C:\laragon\www\push-web-server\vendor\cakephp\cakephp\src\Http\Runner.php(65): Cake\Routing\Middleware\RoutingMiddleware->__invoke(Object(Cake\Http\ServerRequest), Object(Cake\Http\Response), Object(Cake\Http\Runner))
#15 C:\laragon\www\push-web-server\vendor\cakephp\cakephp\src\Routing\Middleware\AssetMiddleware.php(88): Cake\Http\Runner->__invoke(Object(Cake\Http\ServerRequest), Object(Cake\Http\Response))
#16 C:\laragon\www\push-web-server\vendor\cakephp\cakephp\src\Http\Runner.php(65): Cake\Routing\Middleware\AssetMiddleware->__invoke(Object(Cake\Http\ServerRequest), Object(Cake\Http\Response), Object(Cake\Http\Runner))
#17 C:\laragon\www\push-web-server\vendor\cakephp\cakephp\src\Error\Middleware\ErrorHandlerMiddleware.php(96): Cake\Http\Runner->__invoke(Object(Cake\Http\ServerRequest), Object(Cake\Http\Response))
#18 C:\laragon\www\push-web-server\vendor\cakephp\cakephp\src\Http\Runner.php(65): Cake\Error\Middleware\ErrorHandlerMiddleware->__invoke(Object(Cake\Http\ServerRequest), Object(Cake\Http\Response), Object(Cake\Http\Runner))
#19 C:\laragon\www\push-web-server\vendor\cakephp\cakephp\src\Http\Runner.php(51): Cake\Http\Runner->__invoke(Object(Cake\Http\ServerRequest), Object(Cake\Http\Response))
#20 C:\laragon\www\push-web-server\vendor\cakephp\cakephp\src\Http\Server.php(97): Cake\Http\Runner->run(Object(Cake\Http\MiddlewareQueue), Object(Cake\Http\ServerRequest), Object(Cake\Http\Response))
#21 C:\laragon\www\push-web-server\webroot\index.php(40): Cake\Http\Server->run()
#22 {main}
Request URL: /webclients/api/ghjghjg/hghjgjh/ghfhgfhgfhg


2020-01-14 16:14:45 Warning: DebugKit not enabled. You need to either install pdo_sqlite, or define the "debug_kit" connection name.
2020-01-14 16:14:46 Error: [PDOException] SQLSTATE[HY000]: General error: 1364 Field 'id' doesn't have a default value (C:\laragon\www\push-web-server\vendor\cakephp\cakephp\src\Database\Statement\MysqlStatement.php:38)
#0 C:\laragon\www\push-web-server\vendor\cakephp\cakephp\src\Database\Statement\MysqlStatement.php(38): PDOStatement->execute(NULL)
#1 C:\laragon\www\push-web-server\vendor\cakephp\cakephp\src\Database\Connection.php(333): Cake\Database\Statement\MysqlStatement->execute()
#2 C:\laragon\www\push-web-server\vendor\cakephp\cakephp\src\Core\Retry\CommandRetry.php(67): Cake\Database\Connection->Cake\Database\{closure}()
#3 C:\laragon\www\push-web-server\vendor\cakephp\cakephp\src\Database\Connection.php(336): Cake\Core\Retry\CommandRetry->run(Object(Closure))
#4 C:\laragon\www\push-web-server\vendor\cakephp\cakephp\src\Database\Query.php(218): Cake\Database\Connection->run(Object(Cake\ORM\Query))
#5 C:\laragon\www\push-web-server\vendor\cakephp\cakephp\src\ORM\Table.php(2129): Cake\Database\Query->execute()
#6 C:\laragon\www\push-web-server\vendor\cakephp\cakephp\src\ORM\Table.php(2021): Cake\ORM\Table->_insert(Object(App\Model\Entity\Webclient), Array)
#7 C:\laragon\www\push-web-server\vendor\cakephp\cakephp\src\ORM\Table.php(1934): Cake\ORM\Table->_processSave(Object(App\Model\Entity\Webclient), Object(ArrayObject))
#8 C:\laragon\www\push-web-server\vendor\cakephp\cakephp\src\ORM\Table.php(1639): Cake\ORM\Table->Cake\ORM\{closure}()
#9 C:\laragon\www\push-web-server\vendor\cakephp\cakephp\src\Database\Connection.php(737): Cake\ORM\Table->Cake\ORM\{closure}(Object(Cake\Database\Connection))
#10 C:\laragon\www\push-web-server\vendor\cakephp\cakephp\src\ORM\Table.php(1640): Cake\Database\Connection->transactional(Object(Closure))
#11 C:\laragon\www\push-web-server\vendor\cakephp\cakephp\src\ORM\Table.php(1935): Cake\ORM\Table->_executeTransaction(Object(Closure), true)
#12 C:\laragon\www\push-web-server\src\Controller\WebclientsController.php(89): Cake\ORM\Table->save(Object(App\Model\Entity\Webclient))
#13 C:\laragon\www\push-web-server\vendor\cakephp\cakephp\src\Controller\Controller.php(609): App\Controller\WebclientsController->api('ghjghjg', 'hghjgjh', 'ghfhgfhgfhg')
#14 C:\laragon\www\push-web-server\vendor\cakephp\cakephp\src\Http\ActionDispatcher.php(120): Cake\Controller\Controller->invokeAction()
#15 C:\laragon\www\push-web-server\vendor\cakephp\cakephp\src\Http\ActionDispatcher.php(94): Cake\Http\ActionDispatcher->_invoke(Object(App\Controller\WebclientsController))
#16 C:\laragon\www\push-web-server\vendor\cakephp\cakephp\src\Http\BaseApplication.php(234): Cake\Http\ActionDispatcher->dispatch(Object(Cake\Http\ServerRequest), Object(Cake\Http\Response))
#17 C:\laragon\www\push-web-server\vendor\cakephp\cakephp\src\Http\Runner.php(65): Cake\Http\BaseApplication->__invoke(Object(Cake\Http\ServerRequest), Object(Cake\Http\Response), Object(Cake\Http\Runner))
#18 C:\laragon\www\push-web-server\vendor\cakephp\cakephp\src\Http\Runner.php(65): Cake\Http\Runner->__invoke(Object(Cake\Http\ServerRequest), Object(Cake\Http\Response), Object(Cake\Http\Runner))
#19 C:\laragon\www\push-web-server\vendor\cakephp\cakephp\src\Http\Middleware\CsrfProtectionMiddleware.php(124): Cake\Http\Runner->__invoke(Object(Cake\Http\ServerRequest), Object(Cake\Http\Response))
#20 C:\laragon\www\push-web-server\vendor\cakephp\cakephp\src\Http\Runner.php(65): Cake\Http\Middleware\CsrfProtectionMiddleware->__invoke(Object(Cake\Http\ServerRequest), Object(Cake\Http\Response), Object(Cake\Http\Runner))
#21 C:\laragon\www\push-web-server\vendor\cakephp\cakephp\src\Http\Runner.php(51): Cake\Http\Runner->__invoke(Object(Cake\Http\ServerRequest), Object(Cake\Http\Response))
#22 C:\laragon\www\push-web-server\vendor\cakephp\cakephp\src\Routing\Middleware\RoutingMiddleware.php(168): Cake\Http\Runner->run(Object(Cake\Http\MiddlewareQueue), Object(Cake\Http\ServerRequest), Object(Cake\Http\Response))
#23 C:\laragon\www\push-web-server\vendor\cakephp\cakephp\src\Http\Runner.php(65): Cake\Routing\Middleware\RoutingMiddleware->__invoke(Object(Cake\Http\ServerRequest), Object(Cake\Http\Response), Object(Cake\Http\Runner))
#24 C:\laragon\www\push-web-server\vendor\cakephp\cakephp\src\Routing\Middleware\AssetMiddleware.php(88): Cake\Http\Runner->__invoke(Object(Cake\Http\ServerRequest), Object(Cake\Http\Response))
#25 C:\laragon\www\push-web-server\vendor\cakephp\cakephp\src\Http\Runner.php(65): Cake\Routing\Middleware\AssetMiddleware->__invoke(Object(Cake\Http\ServerRequest), Object(Cake\Http\Response), Object(Cake\Http\Runner))
#26 C:\laragon\www\push-web-server\vendor\cakephp\cakephp\src\Error\Middleware\ErrorHandlerMiddleware.php(96): Cake\Http\Runner->__invoke(Object(Cake\Http\ServerRequest), Object(Cake\Http\Response))
#27 C:\laragon\www\push-web-server\vendor\cakephp\cakephp\src\Http\Runner.php(65): Cake\Error\Middleware\ErrorHandlerMiddleware->__invoke(Object(Cake\Http\ServerRequest), Object(Cake\Http\Response), Object(Cake\Http\Runner))
#28 C:\laragon\www\push-web-server\vendor\cakephp\cakephp\src\Http\Runner.php(51): Cake\Http\Runner->__invoke(Object(Cake\Http\ServerRequest), Object(Cake\Http\Response))
#29 C:\laragon\www\push-web-server\vendor\cakephp\cakephp\src\Http\Server.php(97): Cake\Http\Runner->run(Object(Cake\Http\MiddlewareQueue), Object(Cake\Http\ServerRequest), Object(Cake\Http\Response))
#30 C:\laragon\www\push-web-server\webroot\index.php(40): Cake\Http\Server->run()
#31 {main}
Request URL: /webclients/api/ghjghjg/hghjgjh/ghfhgfhgfhg


2020-01-14 16:15:35 Warning: DebugKit not enabled. You need to either install pdo_sqlite, or define the "debug_kit" connection name.
2020-01-14 16:15:36 Error: [PDOException] SQLSTATE[HY000]: General error: 1364 Field 'id' doesn't have a default value (C:\laragon\www\push-web-server\vendor\cakephp\cakephp\src\Database\Statement\MysqlStatement.php:38)
#0 C:\laragon\www\push-web-server\vendor\cakephp\cakephp\src\Database\Statement\MysqlStatement.php(38): PDOStatement->execute(NULL)
#1 C:\laragon\www\push-web-server\vendor\cakephp\cakephp\src\Database\Connection.php(333): Cake\Database\Statement\MysqlStatement->execute()
#2 C:\laragon\www\push-web-server\vendor\cakephp\cakephp\src\Core\Retry\CommandRetry.php(67): Cake\Database\Connection->Cake\Database\{closure}()
#3 C:\laragon\www\push-web-server\vendor\cakephp\cakephp\src\Database\Connection.php(336): Cake\Core\Retry\CommandRetry->run(Object(Closure))
#4 C:\laragon\www\push-web-server\vendor\cakephp\cakephp\src\Database\Query.php(218): Cake\Database\Connection->run(Object(Cake\ORM\Query))
#5 C:\laragon\www\push-web-server\vendor\cakephp\cakephp\src\ORM\Table.php(2129): Cake\Database\Query->execute()
#6 C:\laragon\www\push-web-server\vendor\cakephp\cakephp\src\ORM\Table.php(2021): Cake\ORM\Table->_insert(Object(App\Model\Entity\Webclient), Array)
#7 C:\laragon\www\push-web-server\vendor\cakephp\cakephp\src\ORM\Table.php(1934): Cake\ORM\Table->_processSave(Object(App\Model\Entity\Webclient), Object(ArrayObject))
#8 C:\laragon\www\push-web-server\vendor\cakephp\cakephp\src\ORM\Table.php(1639): Cake\ORM\Table->Cake\ORM\{closure}()
#9 C:\laragon\www\push-web-server\vendor\cakephp\cakephp\src\Database\Connection.php(737): Cake\ORM\Table->Cake\ORM\{closure}(Object(Cake\Database\Connection))
#10 C:\laragon\www\push-web-server\vendor\cakephp\cakephp\src\ORM\Table.php(1640): Cake\Database\Connection->transactional(Object(Closure))
#11 C:\laragon\www\push-web-server\vendor\cakephp\cakephp\src\ORM\Table.php(1935): Cake\ORM\Table->_executeTransaction(Object(Closure), true)
#12 C:\laragon\www\push-web-server\src\Controller\WebclientsController.php(89): Cake\ORM\Table->save(Object(App\Model\Entity\Webclient))
#13 C:\laragon\www\push-web-server\vendor\cakephp\cakephp\src\Controller\Controller.php(609): App\Controller\WebclientsController->api('ghjghjg', 'hghjgjh', 'ghfhgfhgfhg')
#14 C:\laragon\www\push-web-server\vendor\cakephp\cakephp\src\Http\ActionDispatcher.php(120): Cake\Controller\Controller->invokeAction()
#15 C:\laragon\www\push-web-server\vendor\cakephp\cakephp\src\Http\ActionDispatcher.php(94): Cake\Http\ActionDispatcher->_invoke(Object(App\Controller\WebclientsController))
#16 C:\laragon\www\push-web-server\vendor\cakephp\cakephp\src\Http\BaseApplication.php(234): Cake\Http\ActionDispatcher->dispatch(Object(Cake\Http\ServerRequest), Object(Cake\Http\Response))
#17 C:\laragon\www\push-web-server\vendor\cakephp\cakephp\src\Http\Runner.php(65): Cake\Http\BaseApplication->__invoke(Object(Cake\Http\ServerRequest), Object(Cake\Http\Response), Object(Cake\Http\Runner))
#18 C:\laragon\www\push-web-server\vendor\cakephp\cakephp\src\Http\Runner.php(65): Cake\Http\Runner->__invoke(Object(Cake\Http\ServerRequest), Object(Cake\Http\Response), Object(Cake\Http\Runner))
#19 C:\laragon\www\push-web-server\vendor\cakephp\cakephp\src\Http\Middleware\CsrfProtectionMiddleware.php(124): Cake\Http\Runner->__invoke(Object(Cake\Http\ServerRequest), Object(Cake\Http\Response))
#20 C:\laragon\www\push-web-server\vendor\cakephp\cakephp\src\Http\Runner.php(65): Cake\Http\Middleware\CsrfProtectionMiddleware->__invoke(Object(Cake\Http\ServerRequest), Object(Cake\Http\Response), Object(Cake\Http\Runner))
#21 C:\laragon\www\push-web-server\vendor\cakephp\cakephp\src\Http\Runner.php(51): Cake\Http\Runner->__invoke(Object(Cake\Http\ServerRequest), Object(Cake\Http\Response))
#22 C:\laragon\www\push-web-server\vendor\cakephp\cakephp\src\Routing\Middleware\RoutingMiddleware.php(168): Cake\Http\Runner->run(Object(Cake\Http\MiddlewareQueue), Object(Cake\Http\ServerRequest), Object(Cake\Http\Response))
#23 C:\laragon\www\push-web-server\vendor\cakephp\cakephp\src\Http\Runner.php(65): Cake\Routing\Middleware\RoutingMiddleware->__invoke(Object(Cake\Http\ServerRequest), Object(Cake\Http\Response), Object(Cake\Http\Runner))
#24 C:\laragon\www\push-web-server\vendor\cakephp\cakephp\src\Routing\Middleware\AssetMiddleware.php(88): Cake\Http\Runner->__invoke(Object(Cake\Http\ServerRequest), Object(Cake\Http\Response))
#25 C:\laragon\www\push-web-server\vendor\cakephp\cakephp\src\Http\Runner.php(65): Cake\Routing\Middleware\AssetMiddleware->__invoke(Object(Cake\Http\ServerRequest), Object(Cake\Http\Response), Object(Cake\Http\Runner))
#26 C:\laragon\www\push-web-server\vendor\cakephp\cakephp\src\Error\Middleware\ErrorHandlerMiddleware.php(96): Cake\Http\Runner->__invoke(Object(Cake\Http\ServerRequest), Object(Cake\Http\Response))
#27 C:\laragon\www\push-web-server\vendor\cakephp\cakephp\src\Http\Runner.php(65): Cake\Error\Middleware\ErrorHandlerMiddleware->__invoke(Object(Cake\Http\ServerRequest), Object(Cake\Http\Response), Object(Cake\Http\Runner))
#28 C:\laragon\www\push-web-server\vendor\cakephp\cakephp\src\Http\Runner.php(51): Cake\Http\Runner->__invoke(Object(Cake\Http\ServerRequest), Object(Cake\Http\Response))
#29 C:\laragon\www\push-web-server\vendor\cakephp\cakephp\src\Http\Server.php(97): Cake\Http\Runner->run(Object(Cake\Http\MiddlewareQueue), Object(Cake\Http\ServerRequest), Object(Cake\Http\Response))
#30 C:\laragon\www\push-web-server\webroot\index.php(40): Cake\Http\Server->run()
#31 {main}
Request URL: /webclients/api/ghjghjg/hghjgjh/ghfhgfhgfhg


2020-01-14 16:17:10 Warning: DebugKit not enabled. You need to either install pdo_sqlite, or define the "debug_kit" connection name.
2020-01-14 16:17:10 Error: [Cake\View\Exception\MissingTemplateException] Template file "Webclients\json\api.ctp" is missing. (C:\laragon\www\push-web-server\vendor\cakephp\cakephp\src\View\View.php:1583)
Exception Attributes: array (
  'file' => 'Webclients\\json\\api.ctp',
)
#0 C:\laragon\www\push-web-server\vendor\cakephp\cakephp\src\View\SerializedView.php(105): Cake\View\View->_getViewFileName('Webclients\\json...')
#1 C:\laragon\www\push-web-server\vendor\cakephp\cakephp\src\View\JsonView.php(106): Cake\View\SerializedView->render(NULL, NULL)
#2 C:\laragon\www\push-web-server\vendor\cakephp\cakephp\src\Controller\Controller.php(795): Cake\View\JsonView->render(NULL, NULL)
#3 C:\laragon\www\push-web-server\vendor\cakephp\cakephp\src\Http\ActionDispatcher.php(126): Cake\Controller\Controller->render()
#4 C:\laragon\www\push-web-server\vendor\cakephp\cakephp\src\Http\ActionDispatcher.php(94): Cake\Http\ActionDispatcher->_invoke(Object(App\Controller\WebclientsController))
#5 C:\laragon\www\push-web-server\vendor\cakephp\cakephp\src\Http\BaseApplication.php(234): Cake\Http\ActionDispatcher->dispatch(Object(Cake\Http\ServerRequest), Object(Cake\Http\Response))
#6 C:\laragon\www\push-web-server\vendor\cakephp\cakephp\src\Http\Runner.php(65): Cake\Http\BaseApplication->__invoke(Object(Cake\Http\ServerRequest), Object(Cake\Http\Response), Object(Cake\Http\Runner))
#7 C:\laragon\www\push-web-server\vendor\cakephp\cakephp\src\Http\Runner.php(65): Cake\Http\Runner->__invoke(Object(Cake\Http\ServerRequest), Object(Cake\Http\Response), Object(Cake\Http\Runner))
#8 C:\laragon\www\push-web-server\vendor\cakephp\cakephp\src\Http\Middleware\CsrfProtectionMiddleware.php(124): Cake\Http\Runner->__invoke(Object(Cake\Http\ServerRequest), Object(Cake\Http\Response))
#9 C:\laragon\www\push-web-server\vendor\cakephp\cakephp\src\Http\Runner.php(65): Cake\Http\Middleware\CsrfProtectionMiddleware->__invoke(Object(Cake\Http\ServerRequest), Object(Cake\Http\Response), Object(Cake\Http\Runner))
#10 C:\laragon\www\push-web-server\vendor\cakephp\cakephp\src\Http\Runner.php(51): Cake\Http\Runner->__invoke(Object(Cake\Http\ServerRequest), Object(Cake\Http\Response))
#11 C:\laragon\www\push-web-server\vendor\cakephp\cakephp\src\Routing\Middleware\RoutingMiddleware.php(168): Cake\Http\Runner->run(Object(Cake\Http\MiddlewareQueue), Object(Cake\Http\ServerRequest), Object(Cake\Http\Response))
#12 C:\laragon\www\push-web-server\vendor\cakephp\cakephp\src\Http\Runner.php(65): Cake\Routing\Middleware\RoutingMiddleware->__invoke(Object(Cake\Http\ServerRequest), Object(Cake\Http\Response), Object(Cake\Http\Runner))
#13 C:\laragon\www\push-web-server\vendor\cakephp\cakephp\src\Routing\Middleware\AssetMiddleware.php(88): Cake\Http\Runner->__invoke(Object(Cake\Http\ServerRequest), Object(Cake\Http\Response))
#14 C:\laragon\www\push-web-server\vendor\cakephp\cakephp\src\Http\Runner.php(65): Cake\Routing\Middleware\AssetMiddleware->__invoke(Object(Cake\Http\ServerRequest), Object(Cake\Http\Response), Object(Cake\Http\Runner))
#15 C:\laragon\www\push-web-server\vendor\cakephp\cakephp\src\Error\Middleware\ErrorHandlerMiddleware.php(96): Cake\Http\Runner->__invoke(Object(Cake\Http\ServerRequest), Object(Cake\Http\Response))
#16 C:\laragon\www\push-web-server\vendor\cakephp\cakephp\src\Http\Runner.php(65): Cake\Error\Middleware\ErrorHandlerMiddleware->__invoke(Object(Cake\Http\ServerRequest), Object(Cake\Http\Response), Object(Cake\Http\Runner))
#17 C:\laragon\www\push-web-server\vendor\cakephp\cakephp\src\Http\Runner.php(51): Cake\Http\Runner->__invoke(Object(Cake\Http\ServerRequest), Object(Cake\Http\Response))
#18 C:\laragon\www\push-web-server\vendor\cakephp\cakephp\src\Http\Server.php(97): Cake\Http\Runner->run(Object(Cake\Http\MiddlewareQueue), Object(Cake\Http\ServerRequest), Object(Cake\Http\Response))
#19 C:\laragon\www\push-web-server\webroot\index.php(40): Cake\Http\Server->run()
#20 {main}
Request URL: /webclients/api/ghjghjg/hghjgjh/ghfhgfhgfhg


2020-01-14 16:17:44 Warning: DebugKit not enabled. You need to either install pdo_sqlite, or define the "debug_kit" connection name.
2020-01-14 16:17:44 Error: [Cake\View\Exception\MissingTemplateException] Template file "Webclients\json\api.ctp" is missing. (C:\laragon\www\push-web-server\vendor\cakephp\cakephp\src\View\View.php:1583)
Exception Attributes: array (
  'file' => 'Webclients\\json\\api.ctp',
)
#0 C:\laragon\www\push-web-server\vendor\cakephp\cakephp\src\View\SerializedView.php(105): Cake\View\View->_getViewFileName('Webclients\\json...')
#1 C:\laragon\www\push-web-server\vendor\cakephp\cakephp\src\View\JsonView.php(106): Cake\View\SerializedView->render(NULL, NULL)
#2 C:\laragon\www\push-web-server\vendor\cakephp\cakephp\src\Controller\Controller.php(795): Cake\View\JsonView->render(NULL, NULL)
#3 C:\laragon\www\push-web-server\vendor\cakephp\cakephp\src\Http\ActionDispatcher.php(126): Cake\Controller\Controller->render()
#4 C:\laragon\www\push-web-server\vendor\cakephp\cakephp\src\Http\ActionDispatcher.php(94): Cake\Http\ActionDispatcher->_invoke(Object(App\Controller\WebclientsController))
#5 C:\laragon\www\push-web-server\vendor\cakephp\cakephp\src\Http\BaseApplication.php(234): Cake\Http\ActionDispatcher->dispatch(Object(Cake\Http\ServerRequest), Object(Cake\Http\Response))
#6 C:\laragon\www\push-web-server\vendor\cakephp\cakephp\src\Http\Runner.php(65): Cake\Http\BaseApplication->__invoke(Object(Cake\Http\ServerRequest), Object(Cake\Http\Response), Object(Cake\Http\Runner))
#7 C:\laragon\www\push-web-server\vendor\cakephp\cakephp\src\Http\Runner.php(65): Cake\Http\Runner->__invoke(Object(Cake\Http\ServerRequest), Object(Cake\Http\Response), Object(Cake\Http\Runner))
#8 C:\laragon\www\push-web-server\vendor\cakephp\cakephp\src\Http\Middleware\CsrfProtectionMiddleware.php(124): Cake\Http\Runner->__invoke(Object(Cake\Http\ServerRequest), Object(Cake\Http\Response))
#9 C:\laragon\www\push-web-server\vendor\cakephp\cakephp\src\Http\Runner.php(65): Cake\Http\Middleware\CsrfProtectionMiddleware->__invoke(Object(Cake\Http\ServerRequest), Object(Cake\Http\Response), Object(Cake\Http\Runner))
#10 C:\laragon\www\push-web-server\vendor\cakephp\cakephp\src\Http\Runner.php(51): Cake\Http\Runner->__invoke(Object(Cake\Http\ServerRequest), Object(Cake\Http\Response))
#11 C:\laragon\www\push-web-server\vendor\cakephp\cakephp\src\Routing\Middleware\RoutingMiddleware.php(168): Cake\Http\Runner->run(Object(Cake\Http\MiddlewareQueue), Object(Cake\Http\ServerRequest), Object(Cake\Http\Response))
#12 C:\laragon\www\push-web-server\vendor\cakephp\cakephp\src\Http\Runner.php(65): Cake\Routing\Middleware\RoutingMiddleware->__invoke(Object(Cake\Http\ServerRequest), Object(Cake\Http\Response), Object(Cake\Http\Runner))
#13 C:\laragon\www\push-web-server\vendor\cakephp\cakephp\src\Routing\Middleware\AssetMiddleware.php(88): Cake\Http\Runner->__invoke(Object(Cake\Http\ServerRequest), Object(Cake\Http\Response))
#14 C:\laragon\www\push-web-server\vendor\cakephp\cakephp\src\Http\Runner.php(65): Cake\Routing\Middleware\AssetMiddleware->__invoke(Object(Cake\Http\ServerRequest), Object(Cake\Http\Response), Object(Cake\Http\Runner))
#15 C:\laragon\www\push-web-server\vendor\cakephp\cakephp\src\Error\Middleware\ErrorHandlerMiddleware.php(96): Cake\Http\Runner->__invoke(Object(Cake\Http\ServerRequest), Object(Cake\Http\Response))
#16 C:\laragon\www\push-web-server\vendor\cakephp\cakephp\src\Http\Runner.php(65): Cake\Error\Middleware\ErrorHandlerMiddleware->__invoke(Object(Cake\Http\ServerRequest), Object(Cake\Http\Response), Object(Cake\Http\Runner))
#17 C:\laragon\www\push-web-server\vendor\cakephp\cakephp\src\Http\Runner.php(51): Cake\Http\Runner->__invoke(Object(Cake\Http\ServerRequest), Object(Cake\Http\Response))
#18 C:\laragon\www\push-web-server\vendor\cakephp\cakephp\src\Http\Server.php(97): Cake\Http\Runner->run(Object(Cake\Http\MiddlewareQueue), Object(Cake\Http\ServerRequest), Object(Cake\Http\Response))
#19 C:\laragon\www\push-web-server\webroot\index.php(40): Cake\Http\Server->run()
#20 {main}
Request URL: /webclients/api/ghjghjg/hghjgjh/ghfhgfhgfhg


2020-01-14 16:19:10 Warning: DebugKit not enabled. You need to either install pdo_sqlite, or define the "debug_kit" connection name.
2020-01-14 16:19:10 Error: [Cake\View\Exception\MissingTemplateException] Template file "Webclients\json\api.ctp" is missing. (C:\laragon\www\push-web-server\vendor\cakephp\cakephp\src\View\View.php:1583)
Exception Attributes: array (
  'file' => 'Webclients\\json\\api.ctp',
)
#0 C:\laragon\www\push-web-server\vendor\cakephp\cakephp\src\View\SerializedView.php(105): Cake\View\View->_getViewFileName('Webclients\\json...')
#1 C:\laragon\www\push-web-server\vendor\cakephp\cakephp\src\View\JsonView.php(106): Cake\View\SerializedView->render(NULL, NULL)
#2 C:\laragon\www\push-web-server\vendor\cakephp\cakephp\src\Controller\Controller.php(795): Cake\View\JsonView->render(NULL, NULL)
#3 C:\laragon\www\push-web-server\vendor\cakephp\cakephp\src\Http\ActionDispatcher.php(126): Cake\Controller\Controller->render()
#4 C:\laragon\www\push-web-server\vendor\cakephp\cakephp\src\Http\ActionDispatcher.php(94): Cake\Http\ActionDispatcher->_invoke(Object(App\Controller\WebclientsController))
#5 C:\laragon\www\push-web-server\vendor\cakephp\cakephp\src\Http\BaseApplication.php(234): Cake\Http\ActionDispatcher->dispatch(Object(Cake\Http\ServerRequest), Object(Cake\Http\Response))
#6 C:\laragon\www\push-web-server\vendor\cakephp\cakephp\src\Http\Runner.php(65): Cake\Http\BaseApplication->__invoke(Object(Cake\Http\ServerRequest), Object(Cake\Http\Response), Object(Cake\Http\Runner))
#7 C:\laragon\www\push-web-server\vendor\cakephp\cakephp\src\Http\Runner.php(65): Cake\Http\Runner->__invoke(Object(Cake\Http\ServerRequest), Object(Cake\Http\Response), Object(Cake\Http\Runner))
#8 C:\laragon\www\push-web-server\vendor\cakephp\cakephp\src\Http\Middleware\CsrfProtectionMiddleware.php(124): Cake\Http\Runner->__invoke(Object(Cake\Http\ServerRequest), Object(Cake\Http\Response))
#9 C:\laragon\www\push-web-server\vendor\cakephp\cakephp\src\Http\Runner.php(65): Cake\Http\Middleware\CsrfProtectionMiddleware->__invoke(Object(Cake\Http\ServerRequest), Object(Cake\Http\Response), Object(Cake\Http\Runner))
#10 C:\laragon\www\push-web-server\vendor\cakephp\cakephp\src\Http\Runner.php(51): Cake\Http\Runner->__invoke(Object(Cake\Http\ServerRequest), Object(Cake\Http\Response))
#11 C:\laragon\www\push-web-server\vendor\cakephp\cakephp\src\Routing\Middleware\RoutingMiddleware.php(168): Cake\Http\Runner->run(Object(Cake\Http\MiddlewareQueue), Object(Cake\Http\ServerRequest), Object(Cake\Http\Response))
#12 C:\laragon\www\push-web-server\vendor\cakephp\cakephp\src\Http\Runner.php(65): Cake\Routing\Middleware\RoutingMiddleware->__invoke(Object(Cake\Http\ServerRequest), Object(Cake\Http\Response), Object(Cake\Http\Runner))
#13 C:\laragon\www\push-web-server\vendor\cakephp\cakephp\src\Routing\Middleware\AssetMiddleware.php(88): Cake\Http\Runner->__invoke(Object(Cake\Http\ServerRequest), Object(Cake\Http\Response))
#14 C:\laragon\www\push-web-server\vendor\cakephp\cakephp\src\Http\Runner.php(65): Cake\Routing\Middleware\AssetMiddleware->__invoke(Object(Cake\Http\ServerRequest), Object(Cake\Http\Response), Object(Cake\Http\Runner))
#15 C:\laragon\www\push-web-server\vendor\cakephp\cakephp\src\Error\Middleware\ErrorHandlerMiddleware.php(96): Cake\Http\Runner->__invoke(Object(Cake\Http\ServerRequest), Object(Cake\Http\Response))
#16 C:\laragon\www\push-web-server\vendor\cakephp\cakephp\src\Http\Runner.php(65): Cake\Error\Middleware\ErrorHandlerMiddleware->__invoke(Object(Cake\Http\ServerRequest), Object(Cake\Http\Response), Object(Cake\Http\Runner))
#17 C:\laragon\www\push-web-server\vendor\cakephp\cakephp\src\Http\Runner.php(51): Cake\Http\Runner->__invoke(Object(Cake\Http\ServerRequest), Object(Cake\Http\Response))
#18 C:\laragon\www\push-web-server\vendor\cakephp\cakephp\src\Http\Server.php(97): Cake\Http\Runner->run(Object(Cake\Http\MiddlewareQueue), Object(Cake\Http\ServerRequest), Object(Cake\Http\Response))
#19 C:\laragon\www\push-web-server\webroot\index.php(40): Cake\Http\Server->run()
#20 {main}
Request URL: /webclients/api/ghjghjg/hghjgjh/ghfhgfhgfhg


2020-01-14 16:21:20 Warning: DebugKit not enabled. You need to either install pdo_sqlite, or define the "debug_kit" connection name.
2020-01-14 16:21:20 Error: [Cake\View\Exception\MissingTemplateException] Template file "Webclients\json\api.ctp" is missing. (C:\laragon\www\push-web-server\vendor\cakephp\cakephp\src\View\View.php:1583)
Exception Attributes: array (
  'file' => 'Webclients\\json\\api.ctp',
)
#0 C:\laragon\www\push-web-server\vendor\cakephp\cakephp\src\View\SerializedView.php(105): Cake\View\View->_getViewFileName('Webclients\\json...')
#1 C:\laragon\www\push-web-server\vendor\cakephp\cakephp\src\View\JsonView.php(106): Cake\View\SerializedView->render(NULL, NULL)
#2 C:\laragon\www\push-web-server\vendor\cakephp\cakephp\src\Controller\Controller.php(795): Cake\View\JsonView->render(NULL, NULL)
#3 C:\laragon\www\push-web-server\vendor\cakephp\cakephp\src\Http\ActionDispatcher.php(126): Cake\Controller\Controller->render()
#4 C:\laragon\www\push-web-server\vendor\cakephp\cakephp\src\Http\ActionDispatcher.php(94): Cake\Http\ActionDispatcher->_invoke(Object(App\Controller\WebclientsController))
#5 C:\laragon\www\push-web-server\vendor\cakephp\cakephp\src\Http\BaseApplication.php(234): Cake\Http\ActionDispatcher->dispatch(Object(Cake\Http\ServerRequest), Object(Cake\Http\Response))
#6 C:\laragon\www\push-web-server\vendor\cakephp\cakephp\src\Http\Runner.php(65): Cake\Http\BaseApplication->__invoke(Object(Cake\Http\ServerRequest), Object(Cake\Http\Response), Object(Cake\Http\Runner))
#7 C:\laragon\www\push-web-server\vendor\cakephp\cakephp\src\Http\Runner.php(65): Cake\Http\Runner->__invoke(Object(Cake\Http\ServerRequest), Object(Cake\Http\Response), Object(Cake\Http\Runner))
#8 C:\laragon\www\push-web-server\vendor\cakephp\cakephp\src\Http\Middleware\CsrfProtectionMiddleware.php(124): Cake\Http\Runner->__invoke(Object(Cake\Http\ServerRequest), Object(Cake\Http\Response))
#9 C:\laragon\www\push-web-server\vendor\cakephp\cakephp\src\Http\Runner.php(65): Cake\Http\Middleware\CsrfProtectionMiddleware->__invoke(Object(Cake\Http\ServerRequest), Object(Cake\Http\Response), Object(Cake\Http\Runner))
#10 C:\laragon\www\push-web-server\vendor\cakephp\cakephp\src\Http\Runner.php(51): Cake\Http\Runner->__invoke(Object(Cake\Http\ServerRequest), Object(Cake\Http\Response))
#11 C:\laragon\www\push-web-server\vendor\cakephp\cakephp\src\Routing\Middleware\RoutingMiddleware.php(168): Cake\Http\Runner->run(Object(Cake\Http\MiddlewareQueue), Object(Cake\Http\ServerRequest), Object(Cake\Http\Response))
#12 C:\laragon\www\push-web-server\vendor\cakephp\cakephp\src\Http\Runner.php(65): Cake\Routing\Middleware\RoutingMiddleware->__invoke(Object(Cake\Http\ServerRequest), Object(Cake\Http\Response), Object(Cake\Http\Runner))
#13 C:\laragon\www\push-web-server\vendor\cakephp\cakephp\src\Routing\Middleware\AssetMiddleware.php(88): Cake\Http\Runner->__invoke(Object(Cake\Http\ServerRequest), Object(Cake\Http\Response))
#14 C:\laragon\www\push-web-server\vendor\cakephp\cakephp\src\Http\Runner.php(65): Cake\Routing\Middleware\AssetMiddleware->__invoke(Object(Cake\Http\ServerRequest), Object(Cake\Http\Response), Object(Cake\Http\Runner))
#15 C:\laragon\www\push-web-server\vendor\cakephp\cakephp\src\Error\Middleware\ErrorHandlerMiddleware.php(96): Cake\Http\Runner->__invoke(Object(Cake\Http\ServerRequest), Object(Cake\Http\Response))
#16 C:\laragon\www\push-web-server\vendor\cakephp\cakephp\src\Http\Runner.php(65): Cake\Error\Middleware\ErrorHandlerMiddleware->__invoke(Object(Cake\Http\ServerRequest), Object(Cake\Http\Response), Object(Cake\Http\Runner))
#17 C:\laragon\www\push-web-server\vendor\cakephp\cakephp\src\Http\Runner.php(51): Cake\Http\Runner->__invoke(Object(Cake\Http\ServerRequest), Object(Cake\Http\Response))
#18 C:\laragon\www\push-web-server\vendor\cakephp\cakephp\src\Http\Server.php(97): Cake\Http\Runner->run(Object(Cake\Http\MiddlewareQueue), Object(Cake\Http\ServerRequest), Object(Cake\Http\Response))
#19 C:\laragon\www\push-web-server\webroot\index.php(40): Cake\Http\Server->run()
#20 {main}
Request URL: /webclients/api/ghjghjg/hghjgjh/ghfhgfhgfhg


2020-01-14 16:21:23 Warning: DebugKit not enabled. You need to either install pdo_sqlite, or define the "debug_kit" connection name.
2020-01-14 16:21:23 Error: [Cake\View\Exception\MissingTemplateException] Template file "Webclients\json\api.ctp" is missing. (C:\laragon\www\push-web-server\vendor\cakephp\cakephp\src\View\View.php:1583)
Exception Attributes: array (
  'file' => 'Webclients\\json\\api.ctp',
)
#0 C:\laragon\www\push-web-server\vendor\cakephp\cakephp\src\View\SerializedView.php(105): Cake\View\View->_getViewFileName('Webclients\\json...')
#1 C:\laragon\www\push-web-server\vendor\cakephp\cakephp\src\View\JsonView.php(106): Cake\View\SerializedView->render(NULL, NULL)
#2 C:\laragon\www\push-web-server\vendor\cakephp\cakephp\src\Controller\Controller.php(795): Cake\View\JsonView->render(NULL, NULL)
#3 C:\laragon\www\push-web-server\vendor\cakephp\cakephp\src\Http\ActionDispatcher.php(126): Cake\Controller\Controller->render()
#4 C:\laragon\www\push-web-server\vendor\cakephp\cakephp\src\Http\ActionDispatcher.php(94): Cake\Http\ActionDispatcher->_invoke(Object(App\Controller\WebclientsController))
#5 C:\laragon\www\push-web-server\vendor\cakephp\cakephp\src\Http\BaseApplication.php(234): Cake\Http\ActionDispatcher->dispatch(Object(Cake\Http\ServerRequest), Object(Cake\Http\Response))
#6 C:\laragon\www\push-web-server\vendor\cakephp\cakephp\src\Http\Runner.php(65): Cake\Http\BaseApplication->__invoke(Object(Cake\Http\ServerRequest), Object(Cake\Http\Response), Object(Cake\Http\Runner))
#7 C:\laragon\www\push-web-server\vendor\cakephp\cakephp\src\Http\Runner.php(65): Cake\Http\Runner->__invoke(Object(Cake\Http\ServerRequest), Object(Cake\Http\Response), Object(Cake\Http\Runner))
#8 C:\laragon\www\push-web-server\vendor\cakephp\cakephp\src\Http\Middleware\CsrfProtectionMiddleware.php(124): Cake\Http\Runner->__invoke(Object(Cake\Http\ServerRequest), Object(Cake\Http\Response))
#9 C:\laragon\www\push-web-server\vendor\cakephp\cakephp\src\Http\Runner.php(65): Cake\Http\Middleware\CsrfProtectionMiddleware->__invoke(Object(Cake\Http\ServerRequest), Object(Cake\Http\Response), Object(Cake\Http\Runner))
#10 C:\laragon\www\push-web-server\vendor\cakephp\cakephp\src\Http\Runner.php(51): Cake\Http\Runner->__invoke(Object(Cake\Http\ServerRequest), Object(Cake\Http\Response))
#11 C:\laragon\www\push-web-server\vendor\cakephp\cakephp\src\Routing\Middleware\RoutingMiddleware.php(168): Cake\Http\Runner->run(Object(Cake\Http\MiddlewareQueue), Object(Cake\Http\ServerRequest), Object(Cake\Http\Response))
#12 C:\laragon\www\push-web-server\vendor\cakephp\cakephp\src\Http\Runner.php(65): Cake\Routing\Middleware\RoutingMiddleware->__invoke(Object(Cake\Http\ServerRequest), Object(Cake\Http\Response), Object(Cake\Http\Runner))
#13 C:\laragon\www\push-web-server\vendor\cakephp\cakephp\src\Routing\Middleware\AssetMiddleware.php(88): Cake\Http\Runner->__invoke(Object(Cake\Http\ServerRequest), Object(Cake\Http\Response))
#14 C:\laragon\www\push-web-server\vendor\cakephp\cakephp\src\Http\Runner.php(65): Cake\Routing\Middleware\AssetMiddleware->__invoke(Object(Cake\Http\ServerRequest), Object(Cake\Http\Response), Object(Cake\Http\Runner))
#15 C:\laragon\www\push-web-server\vendor\cakephp\cakephp\src\Error\Middleware\ErrorHandlerMiddleware.php(96): Cake\Http\Runner->__invoke(Object(Cake\Http\ServerRequest), Object(Cake\Http\Response))
#16 C:\laragon\www\push-web-server\vendor\cakephp\cakephp\src\Http\Runner.php(65): Cake\Error\Middleware\ErrorHandlerMiddleware->__invoke(Object(Cake\Http\ServerRequest), Object(Cake\Http\Response), Object(Cake\Http\Runner))
#17 C:\laragon\www\push-web-server\vendor\cakephp\cakephp\src\Http\Runner.php(51): Cake\Http\Runner->__invoke(Object(Cake\Http\ServerRequest), Object(Cake\Http\Response))
#18 C:\laragon\www\push-web-server\vendor\cakephp\cakephp\src\Http\Server.php(97): Cake\Http\Runner->run(Object(Cake\Http\MiddlewareQueue), Object(Cake\Http\ServerRequest), Object(Cake\Http\Response))
#19 C:\laragon\www\push-web-server\webroot\index.php(40): Cake\Http\Server->run()
#20 {main}
Request URL: /webclients/api/ghjghjg/hghjgjh/ghfhgfhgfhg


2020-01-14 16:22:20 Warning: DebugKit not enabled. You need to either install pdo_sqlite, or define the "debug_kit" connection name.
2020-01-14 16:22:20 Warning: Warning (2): array_key_exists(): The first argument should be either a string or an integer in [C:\laragon\www\push-web-server\vendor\cakephp\cakephp\src\View\JsonView.php, line 183]
Request URL: /webclients/api/ghjghjg/hghjgjh/ghfhgfhgfhg
Trace:
Cake\Error\BaseErrorHandler::handleError() - CORE\src\Error\BaseErrorHandler.php, line 158
Cake\Core\BasePlugin::{closure}() - ROOT\vendor\cakephp\debug_kit\config\bootstrap.php, line 42
array_key_exists - [internal], line ??
Cake\View\JsonView::_dataToSerialize() - CORE\src\View\JsonView.php, line 183
Cake\View\JsonView::_serialize() - CORE\src\View\JsonView.php, line 135
Cake\View\SerializedView::render() - CORE\src\View\SerializedView.php, line 98
Cake\View\JsonView::render() - CORE\src\View\JsonView.php, line 106
Cake\Controller\Controller::render() - CORE\src\Controller\Controller.php, line 795
Cake\Http\ActionDispatcher::_invoke() - CORE\src\Http\ActionDispatcher.php, line 126
Cake\Http\ActionDispatcher::dispatch() - CORE\src\Http\ActionDispatcher.php, line 94
Cake\Http\BaseApplication::__invoke() - CORE\src\Http\BaseApplication.php, line 234
Cake\Http\Runner::__invoke() - CORE\src\Http\Runner.php, line 65
Cake\Http\Runner::__invoke() - CORE\src\Http\Runner.php, line 65
Cake\Http\Middleware\CsrfProtectionMiddleware::__invoke() - CORE\src\Http\Middleware\CsrfProtectionMiddleware.php, line 124
Cake\Http\Runner::__invoke() - CORE\src\Http\Runner.php, line 65
Cake\Http\Runner::run() - CORE\src\Http\Runner.php, line 51
Cake\Routing\Middleware\RoutingMiddleware::__invoke() - CORE\src\Routing\Middleware\RoutingMiddleware.php, line 168
Cake\Http\Runner::__invoke() - CORE\src\Http\Runner.php, line 65
Cake\Routing\Middleware\AssetMiddleware::__invoke() - CORE\src\Routing\Middleware\AssetMiddleware.php, line 88
Cake\Http\Runner::__invoke() - CORE\src\Http\Runner.php, line 65
Cake\Error\Middleware\ErrorHandlerMiddleware::__invoke() - CORE\src\Error\Middleware\ErrorHandlerMiddleware.php, line 96
Cake\Http\Runner::__invoke() - CORE\src\Http\Runner.php, line 65
Cake\Http\Runner::run() - CORE\src\Http\Runner.php, line 51
Cake\Http\Server::run() - CORE\src\Http\Server.php, line 97
[main] - ROOT\webroot\index.php, line 40



2020-01-14 16:22:36 Warning: DebugKit not enabled. You need to either install pdo_sqlite, or define the "debug_kit" connection name.
2020-01-14 16:22:36 Warning: Warning (2): array_key_exists(): The first argument should be either a string or an integer in [C:\laragon\www\push-web-server\vendor\cakephp\cakephp\src\View\JsonView.php, line 183]
Request URL: /webclients/api/ghjghjg/hghjgjh/ghfhgfhgfhg
Trace:
Cake\Error\BaseErrorHandler::handleError() - CORE\src\Error\BaseErrorHandler.php, line 158
Cake\Core\BasePlugin::{closure}() - ROOT\vendor\cakephp\debug_kit\config\bootstrap.php, line 42
array_key_exists - [internal], line ??
Cake\View\JsonView::_dataToSerialize() - CORE\src\View\JsonView.php, line 183
Cake\View\JsonView::_serialize() - CORE\src\View\JsonView.php, line 135
Cake\View\SerializedView::render() - CORE\src\View\SerializedView.php, line 98
Cake\View\JsonView::render() - CORE\src\View\JsonView.php, line 106
Cake\Controller\Controller::render() - CORE\src\Controller\Controller.php, line 795
Cake\Http\ActionDispatcher::_invoke() - CORE\src\Http\ActionDispatcher.php, line 126
Cake\Http\ActionDispatcher::dispatch() - CORE\src\Http\ActionDispatcher.php, line 94
Cake\Http\BaseApplication::__invoke() - CORE\src\Http\BaseApplication.php, line 234
Cake\Http\Runner::__invoke() - CORE\src\Http\Runner.php, line 65
Cake\Http\Runner::__invoke() - CORE\src\Http\Runner.php, line 65
Cake\Http\Middleware\CsrfProtectionMiddleware::__invoke() - CORE\src\Http\Middleware\CsrfProtectionMiddleware.php, line 124
Cake\Http\Runner::__invoke() - CORE\src\Http\Runner.php, line 65
Cake\Http\Runner::run() - CORE\src\Http\Runner.php, line 51
Cake\Routing\Middleware\RoutingMiddleware::__invoke() - CORE\src\Routing\Middleware\RoutingMiddleware.php, line 168
Cake\Http\Runner::__invoke() - CORE\src\Http\Runner.php, line 65
Cake\Routing\Middleware\AssetMiddleware::__invoke() - CORE\src\Routing\Middleware\AssetMiddleware.php, line 88
Cake\Http\Runner::__invoke() - CORE\src\Http\Runner.php, line 65
Cake\Error\Middleware\ErrorHandlerMiddleware::__invoke() - CORE\src\Error\Middleware\ErrorHandlerMiddleware.php, line 96
Cake\Http\Runner::__invoke() - CORE\src\Http\Runner.php, line 65
Cake\Http\Runner::run() - CORE\src\Http\Runner.php, line 51
Cake\Http\Server::run() - CORE\src\Http\Server.php, line 97
[main] - ROOT\webroot\index.php, line 40



2020-01-14 16:23:13 Warning: DebugKit not enabled. You need to either install pdo_sqlite, or define the "debug_kit" connection name.
2020-01-14 16:23:15 Warning: DebugKit not enabled. You need to either install pdo_sqlite, or define the "debug_kit" connection name.
2020-01-14 16:24:03 Warning: DebugKit not enabled. You need to either install pdo_sqlite, or define the "debug_kit" connection name.
2020-01-14 16:24:08 Warning: DebugKit not enabled. You need to either install pdo_sqlite, or define the "debug_kit" connection name.
2020-01-14 16:24:10 Warning: DebugKit not enabled. You need to either install pdo_sqlite, or define the "debug_kit" connection name.
2020-01-14 16:24:11 Warning: DebugKit not enabled. You need to either install pdo_sqlite, or define the "debug_kit" connection name.
2020-01-14 16:24:12 Warning: DebugKit not enabled. You need to either install pdo_sqlite, or define the "debug_kit" connection name.
2020-01-14 16:24:12 Warning: DebugKit not enabled. You need to either install pdo_sqlite, or define the "debug_kit" connection name.
2020-01-15 06:52:56 Warning: DebugKit not enabled. You need to either install pdo_sqlite, or define the "debug_kit" connection name.
2020-01-15 06:53:02 Warning: DebugKit not enabled. You need to either install pdo_sqlite, or define the "debug_kit" connection name.
2020-01-15 06:53:03 Warning: DebugKit not enabled. You need to either install pdo_sqlite, or define the "debug_kit" connection name.
2020-01-15 06:53:05 Warning: DebugKit not enabled. You need to either install pdo_sqlite, or define the "debug_kit" connection name.
2020-01-15 06:53:27 Warning: DebugKit not enabled. You need to either install pdo_sqlite, or define the "debug_kit" connection name.
2020-01-15 06:53:27 Warning: DebugKit not enabled. You need to either install pdo_sqlite, or define the "debug_kit" connection name.
2020-01-15 06:53:28 Warning: DebugKit not enabled. You need to either install pdo_sqlite, or define the "debug_kit" connection name.
2020-01-15 06:53:38 Warning: DebugKit not enabled. You need to either install pdo_sqlite, or define the "debug_kit" connection name.
2020-01-15 06:53:44 Warning: DebugKit not enabled. You need to either install pdo_sqlite, or define the "debug_kit" connection name.
